<?xml version="1.0" encoding="UTF-8"?>
<!-- Generated by org.testng.reporters.JUnitReportReporter -->
<testsuite hostname="LTCQLQMV2" failures="0" tests="2" name="com.test.assignments.Assignment_1" time="6.627" errors="0" timestamp="2021-07-22T14:14:59 IST" skipped="0">
  <testcase classname="com.test.assignments.Assignment_1" name="loginFacebook" time="0.400"/>
  <system-out/>
  <testcase classname="com.test.assignments.Assignment_1" name="postStatus" time="6.227"/>
  <system-out/>
</testsuite> <!-- com.test.assignments.Assignment_1 -->
